\BOOKMARK [0][-]{chapter.1}{\376\377\000A\000b\000s\000t\000r\000a\000c\000t}{}% 1
\BOOKMARK [1][-]{section.1.1}{\376\377\000T\000i\000t\000o\000l\000o\000\040\000d\000e\000l\000l\000a\000\040\000S\000e\000z\000i\000o\000n\000e}{chapter.1}% 2
\BOOKMARK [2][-]{subsection.1.1.1}{\376\377\000S\000o\000t\000t\000o\000s\000e\000z\000i\000o\000n\000e}{section.1.1}% 3
\BOOKMARK [0][-]{chapter.2}{\376\377\000I\000n\000t\000r\000o\000d\000u\000z\000i\000o\000n\000e}{}% 4
\BOOKMARK [1][-]{section.2.1}{\376\377\000T\000i\000t\000o\000l\000o\000\040\000d\000e\000l\000l\000a\000\040\000S\000e\000z\000i\000o\000n\000e}{chapter.2}% 5
\BOOKMARK [2][-]{subsection.2.1.1}{\376\377\000S\000o\000t\000t\000o\000s\000e\000z\000i\000o\000n\000e}{section.2.1}% 6
\BOOKMARK [0][-]{chapter.3}{\376\377\000B\000a\000c\000k\000g\000r\000o\000u\000n\000d\000\040\000D\000e\000l\000t\000a\000\040\000S\000y\000s\000t\000e\000m}{}% 7
\BOOKMARK [1][-]{section.3.1}{\376\377\000L\000a\000\040\000s\000t\000o\000r\000i\000a}{chapter.3}% 8
\BOOKMARK [1][-]{section.3.2}{\376\377\000M\000i\000s\000s\000i\000o\000n}{chapter.3}% 9
\BOOKMARK [1][-]{section.3.3}{\376\377\000M\000e\000t\000o\000d\000o}{chapter.3}% 10
\BOOKMARK [1][-]{section.3.4}{\376\377\000L\000e\000\040\000s\000o\000l\000u\000z\000i\000o\000n\000i}{chapter.3}% 11
\BOOKMARK [2][-]{subsection.3.4.1}{\376\377\000U\000n\000i\000C\000l\000o\000u\000d}{section.3.4}% 12
\BOOKMARK [2][-]{subsection.3.4.2}{\376\377\000U\000n\000i\000G\000e\000a}{section.3.4}% 13
\BOOKMARK [2][-]{subsection.3.4.3}{\376\377\000Q\000u\000i\000c\000k\000v\000i\000s\000i\000o\000n}{section.3.4}% 14
\BOOKMARK [2][-]{subsection.3.4.4}{\376\377\000P\000i\000g\000r\000e\000c\000o}{section.3.4}% 15
\BOOKMARK [2][-]{subsection.3.4.5}{\376\377\000M\000I\000O}{section.3.4}% 16
\BOOKMARK [1][-]{section.3.5}{\376\377\000I\000l\000\040\000t\000e\000a\000m}{chapter.3}% 17
\BOOKMARK [0][-]{chapter.4}{\376\377\000A\000p\000p\000l\000i\000c\000a\000z\000i\000o\000n\000i\000\040\000u\000t\000i\000l\000i\000z\000z\000a\000t\000e}{}% 18
\BOOKMARK [1][-]{section.4.1}{\376\377\000I\000B\000M\000\040\000R\000a\000t\000i\000o\000n\000a\000l\000\040\000D\000e\000v\000e\000l\000o\000p\000e\000r\000\040\000f\000o\000r\000\040\000i}{chapter.4}% 19
\BOOKMARK [2][-]{subsection.4.1.1}{\376\377\000L\000i\000v\000e\000\040\000P\000a\000r\000s\000i\000n\000g\000\040\000E\000x\000t\000e\000n\000s\000i\000b\000l\000e\000\040\000E\000d\000i\000t\000o\000r\000\040\000\050\000L\000P\000E\000X\000\051}{section.4.1}% 20
\BOOKMARK [2][-]{subsection.4.1.2}{\376\377\000D\000e\000b\000u\000g\000g\000e\000r}{section.4.1}% 21
\BOOKMARK [2][-]{subsection.4.1.3}{\376\377\000R\000e\000m\000o\000t\000e\000\040\000S\000y\000s\000t\000e\000m\000s\000\040\000E\000x\000p\000l\000o\000r\000e\000r\000\040\000\050\000R\000S\000E\000\051}{section.4.1}% 22
\BOOKMARK [1][-]{section.4.2}{\376\377\000R\000P\000G\000L\000E}{chapter.4}% 23
\BOOKMARK [2][-]{subsection.4.2.1}{\376\377\000C\000a\000r\000a\000t\000t\000e\000r\000i\000s\000t\000i\000c\000h\000e\000\040\000"\000s\000t\000o\000r\000i\000c\000h\000e\000"\000\040\000\050\000R\000P\000G\000\051}{section.4.2}% 24
\BOOKMARK [2][-]{subsection.4.2.2}{\376\377\000C\000a\000r\000a\000t\000t\000e\000r\000i\000s\000t\000i\000c\000h\000e\000\040\000m\000o\000d\000e\000r\000n\000e\000\040\000\050\000R\000P\000G\000L\000E\000\051}{section.4.2}% 25
\BOOKMARK [1][-]{section.4.3}{\376\377\000D\000E\000S\000I\000G\000N\000E\000R\000\040\000U\000n\000i\000c\000l\000o\000u\000d}{chapter.4}% 26
\BOOKMARK [2][-]{subsection.4.3.1}{\376\377\000R\000i\000s\000o\000r\000s\000e}{section.4.3}% 27
\BOOKMARK [2][-]{subsection.4.3.2}{\376\377\000a\000t\000t\000r\000i\000b\000u\000t\000i}{section.4.3}% 28
\BOOKMARK [2][-]{subsection.4.3.3}{\376\377\000s\000c\000h\000e\000l\000e\000t\000r\000o}{section.4.3}% 29
\BOOKMARK [1][-]{section.4.4}{\376\377\000Q\000u\000i\000c\000k\000v\000i\000s\000i\000o\000n}{chapter.4}% 30
\BOOKMARK [1][-]{section.4.5}{\376\377\000D\000a\000t\000a\000b\000a\000s\000e}{chapter.4}% 31
\BOOKMARK [2][-]{subsection.4.5.1}{\376\377\000T\000a\000b\000e\000l\000l\000e\000\040\000d\000e\000i\000\040\000p\000r\000o\000g\000e\000t\000t\000i\000\040\000d\000i\000\040\000a\000p\000p\000r\000e\000n\000d\000i\000m\000e\000n\000t\000o}{section.4.5}% 32
\BOOKMARK [2][-]{subsection.4.5.2}{\376\377\000T\000a\000b\000e\000l\000l\000e\000\040\000p\000r\000o\000g\000e\000t\000t\000o\000\040\000f\000i\000n\000a\000l\000e}{section.4.5}% 33
\BOOKMARK [0][-]{chapter.5}{\376\377\000P\000r\000o\000g\000e\000t\000t\000i\000\040\000d\000i\000\040\000a\000p\000p\000r\000e\000n\000d\000i\000m\000e\000n\000t\000o}{}% 34
\BOOKMARK [1][-]{section.5.1}{\376\377\000S\000c\000o\000p\000o}{chapter.5}% 35
\BOOKMARK [1][-]{section.5.2}{\376\377\000S\000T\0002\000,\000\040\000s\000c\000h\000e\000r\000m\000a\000t\000a\000\040\000d\000i\000\040\000g\000e\000s\000t\000i\000o\000n\000e\000\040\000d\000i\000\040\000c\000l\000i\000e\000n\000t\000i\000\040\000e\000\040\000f\000o\000r\000n\000i\000t\000o\000r\000i\000\040\000t\000r\000a\000m\000i\000t\000e\000\040\000g\000e\000s\000t\000i\000o\000n\000a\000l\000e\000\040\000u\000n\000i\000g\000e\000a}{chapter.5}% 36
\BOOKMARK [2][-]{subsection.5.2.1}{\376\377\000D\000i\000a\000g\000r\000a\000m\000m\000a\000\040\000d\000e\000i\000\040\000c\000a\000s\000i\000\040\000d\000'\000u\000s\000o}{section.5.2}% 37
\BOOKMARK [2][-]{subsection.5.2.2}{\376\377\000D\000i\000a\000g\000r\000a\000m\000m\000a\000\040\000d\000i\000\040\000s\000t\000a\000t\000o}{section.5.2}% 38
\BOOKMARK [2][-]{subsection.5.2.3}{\376\377\000F\000l\000u\000s\000s\000o\000\040\000d\000e\000l\000\040\000p\000r\000o\000g\000r\000a\000m\000m\000a}{section.5.2}% 39
\BOOKMARK [2][-]{subsection.5.2.4}{\376\377\000S\000t\000r\000u\000t\000t\000u\000r\000a\000\040\000d\000e\000l\000\040\000p\000r\000o\000g\000r\000a\000m\000m\000a}{section.5.2}% 40
\BOOKMARK [2][-]{subsection.5.2.5}{\376\377\000S\000T\0002\0000\0001\0000}{section.5.2}% 41
\BOOKMARK [2][-]{subsection.5.2.6}{\376\377\000S\000T\0002\0000\0001\0001}{section.5.2}% 42
\BOOKMARK [2][-]{subsection.5.2.7}{\376\377\000S\000T\0002\0000\0001\0002}{section.5.2}% 43
\BOOKMARK [2][-]{subsection.5.2.8}{\376\377\000S\000T\0002\0000\0001\0004}{section.5.2}% 44
\BOOKMARK [2][-]{subsection.5.2.9}{\376\377\000S\000T\0002\0000\0001\0005\000\040\000e\000\040\000S\000T\0002\0000\0001\0006}{section.5.2}% 45
\BOOKMARK [1][-]{section.5.3}{\376\377\000P\000r\000o\000g\000e\000t\000t\000o\000\040\0002\000,\000\040\000v\000i\000s\000u\000a\000l\000i\000z\000z\000a\000z\000i\000o\000n\000e\000\040\000i\000n\000t\000e\000r\000a\000t\000t\000i\000v\000a\000\040\000d\000e\000g\000l\000i\000\040\000o\000r\000d\000i\000n\000i\000\040\000t\000r\000a\000m\000i\000t\000e\000\040\000l\000'\000u\000t\000i\000l\000i\000z\000z\000o\000\040\000d\000i\000\040\000q\000u\000i\000c\000k\000v\000i\000s\000i\000o\000n}{chapter.5}% 46
\BOOKMARK [2][-]{subsection.5.3.1}{\376\377\000P\000r\000e\000p\000a\000r\000a\000z\000i\000o\000n\000e\000\040\000d\000e\000l\000\040\000p\000r\000o\000g\000e\000t\000t\000o}{section.5.3}% 47
\BOOKMARK [2][-]{subsection.5.3.2}{\376\377\000E\000n\000t\000i\000t\000\340}{section.5.3}% 48
\BOOKMARK [2][-]{subsection.5.3.3}{\376\377\000C\000o\000n\000f\000i\000g\000u\000r\000a\000z\000i\000o\000n\000e\000\040\000d\000i\000\040\000t\000a\000b\000e\000l\000l\000e\000\040\000e\000\040\000g\000r\000a\000f\000i\000c\000i}{section.5.3}% 49
\BOOKMARK [2][-]{subsection.5.3.4}{\376\377\000C\000r\000e\000a\000z\000i\000o\000n\000e\000\040\000d\000i\000\040\000u\000n\000o\000\040\000s\000c\000h\000e\000m\000a}{section.5.3}% 50
\BOOKMARK [2][-]{subsection.5.3.5}{\376\377\000P\000u\000l\000s\000a\000n\000t\000i}{section.5.3}% 51
\BOOKMARK [2][-]{subsection.5.3.6}{\376\377\000C\000o\000n\000c\000l\000u\000s\000i\000o\000n\000e}{section.5.3}% 52
\BOOKMARK [0][-]{chapter.6}{\376\377\000P\000r\000o\000g\000r\000a\000m\000m\000a\000\040\000f\000i\000n\000a\000l\000e\000,\000\040\000r\000i\000c\000h\000i\000e\000s\000t\000e\000\040\000f\000e\000r\000i\000e\000\040\000e\000\040\000p\000e\000r\000m\000e\000s\000s\000i\000\040\000v\000i\000a\000\040\000a\000p\000p}{}% 53
\BOOKMARK [1][-]{section.6.1}{\376\377\000O\000b\000b\000i\000e\000t\000t\000i\000v\000o}{chapter.6}% 54
\BOOKMARK [2][-]{subsection.6.1.1}{\376\377\000R\000i\000c\000h\000i\000e\000s\000t\000e}{section.6.1}% 55
\BOOKMARK [1][-]{section.6.2}{\376\377\000P\000r\000o\000g\000e\000t\000t\000a\000z\000i\000o\000n\000e}{chapter.6}% 56
\BOOKMARK [2][-]{subsection.6.2.1}{\376\377\000D\000i\000a\000g\000r\000a\000m\000m\000a\000\040\000d\000e\000i\000\040\000c\000a\000s\000i\000\040\000d\000'\000u\000s\000o}{section.6.2}% 57
\BOOKMARK [2][-]{subsection.6.2.2}{\376\377\000D\000i\000a\000g\000r\000a\000m\000m\000a\000\040\000d\000e\000g\000l\000i\000\040\000s\000t\000a\000t\000i}{section.6.2}% 58
\BOOKMARK [2][-]{subsection.6.2.3}{\376\377\000F\000l\000u\000s\000s\000o\000\040\000d\000e\000l\000\040\000p\000r\000o\000g\000r\000a\000m\000m\000a}{section.6.2}% 59
\BOOKMARK [1][-]{section.6.3}{\376\377\000G\000S\000A\0000\0008\0000}{chapter.6}% 60
\BOOKMARK [2][-]{subsection.6.3.1}{\376\377\000F\000u\000n\000z\000i\000o\000n\000a\000l\000i\000t\000\340}{section.6.3}% 61
\BOOKMARK [2][-]{subsection.6.3.2}{\376\377\000F\000u\000n\000z\000i\000o\000n\000i\000\040\000p\000r\000i\000n\000c\000i\000p\000a\000l\000i}{section.6.3}% 62
\BOOKMARK [1][-]{section.6.4}{\376\377\000G\000S\000A\0000\0008\0001}{chapter.6}% 63
\BOOKMARK [2][-]{subsection.6.4.1}{\376\377\000F\000u\000n\000z\000i\000o\000n\000a\000l\000i\000t\000\340}{section.6.4}% 64
\BOOKMARK [2][-]{subsection.6.4.2}{\376\377\000F\000u\000n\000z\000i\000o\000n\000i\000\040\000p\000r\000i\000n\000c\000i\000p\000a\000l\000i}{section.6.4}% 65
\BOOKMARK [1][-]{section.6.5}{\376\377\000G\000S\000A\0000\0008\0002}{chapter.6}% 66
\BOOKMARK [2][-]{subsection.6.5.1}{\376\377\000F\000u\000n\000z\000i\000o\000n\000a\000l\000i\000t\000\340}{section.6.5}% 67
\BOOKMARK [2][-]{subsection.6.5.2}{\376\377\000F\000u\000n\000z\000i\000o\000n\000i\000\040\000p\000r\000i\000n\000c\000i\000p\000a\000l\000i}{section.6.5}% 68
\BOOKMARK [1][-]{section.6.6}{\376\377\000G\000S\000A\0000\0008\0003}{chapter.6}% 69
\BOOKMARK [1][-]{section.6.7}{\376\377\000G\000S\000A\0000\0008\0004}{chapter.6}% 70
\BOOKMARK [2][-]{subsection.6.7.1}{\376\377\000F\000u\000n\000z\000i\000o\000n\000a\000l\000i\000t\000\340}{section.6.7}% 71
\BOOKMARK [2][-]{subsection.6.7.2}{\376\377\000F\000u\000n\000z\000i\000o\000n\000i\000\040\000p\000r\000i\000n\000c\000i\000p\000a\000l\000i}{section.6.7}% 72
\BOOKMARK [1][-]{section.6.8}{\376\377\000A\000d\000a\000t\000t\000a\000m\000e\000n\000t\000o\000\040\000p\000e\000r\000\040\000m\000o\000b\000i\000l\000e}{chapter.6}% 73
\BOOKMARK [0][-]{appendix.Alph1}{\376\377\000P\000r\000o\000t\000o\000c\000o\000l\000l\000o\000\040\000G\000S\000B}{}% 74
\BOOKMARK [1][-]{section.Alph1.1}{\376\377\000N\000o\000m\000e\000n\000c\000l\000a\000t\000u\000r\000a\000\040\000a\000r\000c\000h\000i\000v\000i}{appendix.Alph1}% 75
\BOOKMARK [1][-]{section.Alph1.2}{\376\377\000N\000o\000m\000e\000n\000c\000l\000a\000t\000u\000r\000a\000\040\000p\000r\000o\000g\000r\000a\000m\000m\000i}{appendix.Alph1}% 76
\BOOKMARK [1][-]{section.Alph1.3}{\376\377\000N\000o\000m\000e\000n\000c\000l\000a\000t\000u\000r\000a\000\040\000c\000a\000m\000p\000i}{appendix.Alph1}% 77
\BOOKMARK [1][-]{section.Alph1.4}{\376\377\000N\000o\000m\000e\000n\000c\000l\000a\000t\000u\000r\000a\000\040\000r\000e\000c\000o\000r\000d}{appendix.Alph1}% 78
\BOOKMARK [0][-]{appendix.Alph2}{\376\377\000S\000t\000r\000u\000t\000t\000u\000r\000a\000\040\000d\000e\000l\000l\000e\000\040\000t\000a\000b\000e\000l\000l\000e\000\040\000u\000t\000i\000l\000i\000z\000z\000a\000t\000e}{}% 79
\BOOKMARK [1][-]{section.Alph2.1}{\376\377\000T\000a\000b\000e\000l\000l\000e\000\040\000d\000e\000i\000\040\000p\000r\000o\000g\000e\000t\000t\000i\000\040\000d\000i\000\040\000a\000p\000p\000r\000e\000n\000d\000i\000m\000e\000n\000t\000o}{appendix.Alph2}% 80
\BOOKMARK [1][-]{section.Alph2.2}{\376\377\000T\000a\000b\000e\000l\000l\000e\000\040\000p\000r\000o\000g\000e\000t\000t\000o\000\040\000f\000i\000n\000a\000l\000e}{appendix.Alph2}% 81
